<?xml version="1.0" encoding="UTF-8"?>
<testsuites>
  <testsuite name="fastlane.lanes">
    
    
    
      
      <testcase classname="fastlane.lanes" name="0: default_platform" time="0.000492">
        
      </testcase>
    
      
      <testcase classname="fastlane.lanes" name="1: swiftlint" time="0.516228">
        
          <failure message="/usr/local/Cellar/fastlane/2.211.0_2/libexec/gems/fastlane-2.211.0/fastlane/lib/fastlane/actions/actions_helper.rb:67:in `execute_action&apos;&#10;/usr/local/Cellar/fastlane/2.211.0_2/libexec/gems/fastlane-2.211.0/fastlane/lib/fastlane/runner.rb:255:in `block in execute_action&apos;&#10;/usr/local/Cellar/fastlane/2.211.0_2/libexec/gems/fastlane-2.211.0/fastlane/lib/fastlane/runner.rb:229:in `chdir&apos;&#10;/usr/local/Cellar/fastlane/2.211.0_2/libexec/gems/fastlane-2.211.0/fastlane/lib/fastlane/runner.rb:229:in `execute_action&apos;&#10;/usr/local/Cellar/fastlane/2.211.0_2/libexec/gems/fastlane-2.211.0/fastlane/lib/fastlane/runner.rb:157:in `trigger_action_by_name&apos;&#10;/usr/local/Cellar/fastlane/2.211.0_2/libexec/gems/fastlane-2.211.0/fastlane/lib/fastlane/fast_file.rb:159:in `method_missing&apos;&#10;Fastfile:22:in `block (2 levels) in parsing_binding&apos;&#10;/usr/local/Cellar/fastlane/2.211.0_2/libexec/gems/fastlane-2.211.0/fastlane/lib/fastlane/lane.rb:33:in `call&apos;&#10;/usr/local/Cellar/fastlane/2.211.0_2/libexec/gems/fastlane-2.211.0/fastlane/lib/fastlane/runner.rb:49:in `block in execute&apos;&#10;/usr/local/Cellar/fastlane/2.211.0_2/libexec/gems/fastlane-2.211.0/fastlane/lib/fastlane/runner.rb:45:in `chdir&apos;&#10;/usr/local/Cellar/fastlane/2.211.0_2/libexec/gems/fastlane-2.211.0/fastlane/lib/fastlane/runner.rb:45:in `execute&apos;&#10;/usr/local/Cellar/fastlane/2.211.0_2/libexec/gems/fastlane-2.211.0/fastlane/lib/fastlane/lane_manager.rb:47:in `cruise_lane&apos;&#10;/usr/local/Cellar/fastlane/2.211.0_2/libexec/gems/fastlane-2.211.0/fastlane/lib/fastlane/command_line_handler.rb:36:in `handle&apos;&#10;/usr/local/Cellar/fastlane/2.211.0_2/libexec/gems/fastlane-2.211.0/fastlane/lib/fastlane/commands_generator.rb:110:in `block (2 levels) in run&apos;&#10;/usr/local/Cellar/fastlane/2.211.0_2/libexec/gems/commander-4.6.0/lib/commander/command.rb:187:in `call&apos;&#10;/usr/local/Cellar/fastlane/2.211.0_2/libexec/gems/commander-4.6.0/lib/commander/command.rb:157:in `run&apos;&#10;/usr/local/Cellar/fastlane/2.211.0_2/libexec/gems/commander-4.6.0/lib/commander/runner.rb:444:in `run_active_command&apos;&#10;/usr/local/Cellar/fastlane/2.211.0_2/libexec/gems/fastlane-2.211.0/fastlane_core/lib/fastlane_core/ui/fastlane_runner.rb:124:in `run!&apos;&#10;/usr/local/Cellar/fastlane/2.211.0_2/libexec/gems/commander-4.6.0/lib/commander/delegates.rb:18:in `run!&apos;&#10;/usr/local/Cellar/fastlane/2.211.0_2/libexec/gems/fastlane-2.211.0/fastlane/lib/fastlane/commands_generator.rb:354:in `run&apos;&#10;/usr/local/Cellar/fastlane/2.211.0_2/libexec/gems/fastlane-2.211.0/fastlane/lib/fastlane/commands_generator.rb:43:in `start&apos;&#10;/usr/local/Cellar/fastlane/2.211.0_2/libexec/gems/fastlane-2.211.0/fastlane/lib/fastlane/cli_tools_distributor.rb:123:in `take_off&apos;&#10;/usr/local/Cellar/fastlane/2.211.0_2/libexec/gems/fastlane-2.211.0/bin/fastlane:23:in `&lt;top (required)&gt;&apos;&#10;/usr/local/Cellar/fastlane/2.211.0_2/libexec/bin/fastlane:25:in `load&apos;&#10;/usr/local/Cellar/fastlane/2.211.0_2/libexec/bin/fastlane:25:in `&lt;main&gt;&apos;&#10;&#10;Exit status of command &apos;swiftlint lint --config swiftlint.yml&apos; was 2 instead of 0.&#10;Linting Swift files in current working directory&#10;Linting &apos;StudentListViewModel.swift&apos; (1/44)&#10;Linting &apos;ContentViewModel.swift&apos; (2/44)&#10;Linting &apos;ExamOverviewListViewModel.swift&apos; (3/44)&#10;Linting &apos;Artemis_Exam_CheckApp.swift&apos; (4/44)&#10;Linting &apos;ButtonStyle.swift&apos; (5/44)&#10;Linting &apos;ExamUser.swift&apos; (6/44)&#10;Linting &apos;Exam.swift&apos; (7/44)&#10;Linting &apos;CanvasView.swift&apos; (8/44)&#10;Linting &apos;StudentListView.swift&apos; (9/44)&#10;Linting &apos;StudentDetailView.swift&apos; (10/44)&#10;Linting &apos;ContentView.swift&apos; (11/44)&#10;Linting &apos;ExamOverviewList.swift&apos; (12/44)&#10;/Users/svenandabaka/Documents/Uni/Master/5. Semester/ArtemisExamChecker.nosync/Artemis Exam Check/Artemis_Exam_CheckApp.swift:11:8: error: Type Name Violation: Type name should only contain alphanumeric characters: &apos;Artemis_Exam_CheckApp&apos; (type_name)&#10;Linting &apos;StudentServiceImpl.swift&apos; (13/44)&#10;Linting &apos;StudentService.swift&apos; (14/44)&#10;Linting &apos;ExamServiceImpl.swift&apos; (15/44)&#10;Linting &apos;ExamService.swift&apos; (16/44)&#10;/Users/svenandabaka/Documents/Uni/Master/5. Semester/ArtemisExamChecker.nosync/Artemis Exam Check/ViewModels/ContentViewModel.swift:23:10: warning: Multiline Function Chains Violation: Chained function calls should be either on the same line, or one per line. (multiline_function_chains)&#10;Linting &apos;APIClientTests.swift&apos; (17/44)&#10;Linting &apos;Packages/core/APIClient/Package.swift&apos; (18/44)&#10;Linting &apos;APIClient.swift&apos; (19/44)&#10;Linting &apos;Config.swift&apos; (20/44)&#10;Linting &apos;HTTPMethod.swift&apos; (21/44)&#10;/Users/svenandabaka/Documents/Uni/Master/5. Semester/ArtemisExamChecker.nosync/Artemis Exam Check/Services/StudentService/StudentService.swift:19:1: warning: Vertical Whitespace before Closing Braces Violation: Don&apos;t include vertical whitespace (empty line) before closing braces. (vertical_whitespace_closing_braces)&#10;/Users/svenandabaka/Documents/Uni/Master/5. Semester/ArtemisExamChecker.nosync/Artemis Exam Check/Services/ExamService/ExamService.swift:20:1: warning: Vertical Whitespace before Closing Braces Violation: Don&apos;t include vertical whitespace (empty line) before closing braces. (vertical_whitespace_closing_braces)&#10;Linting &apos;APIClientError.swift&apos; (22/44)&#10;Linting &apos;APIRequest.swift&apos; (23/44)&#10;Linting &apos;HTTPStatusCode.swift&apos; (24/44)&#10;Linting &apos;CommonTests.swift&apos; (25/44)&#10;/Users/svenandabaka/Documents/Uni/Master/5. Semester/ArtemisExamChecker.nosync/Packages/core/APIClient/Sources/APIClient/HTTPMethod.swift:21:9: warning: Implicit Return Violation: Prefer implicit returns in closures, functions and getters. (implicit_return)&#10;Linting &apos;Packages/core/Common/Package.swift&apos; (26/44)&#10;/Users/svenandabaka/Documents/Uni/Master/5. Semester/ArtemisExamChecker.nosync/Artemis Exam Check/Services/ExamService/ExamServiceImpl.swift:20:13: warning: Implicit Return Violation: Prefer implicit returns in closures, functions and getters. (implicit_return)&#10;/Users/svenandabaka/Documents/Uni/Master/5. Semester/ArtemisExamChecker.nosync/Artemis Exam Check/Services/ExamService/ExamServiceImpl.swift:24:13: warning: Implicit Return Violation: Prefer implicit returns in closures, functions and getters. (implicit_return)&#10;/Users/svenandabaka/Documents/Uni/Master/5. Semester/ArtemisExamChecker.nosync/Artemis Exam Check/Services/ExamService/ExamServiceImpl.swift:46:13: warning: Implicit Return Violation: Prefer implicit returns in closures, functions and getters. (implicit_return)&#10;/Users/svenandabaka/Documents/Uni/Master/5. Semester/ArtemisExamChecker.nosync/Artemis Exam Check/Services/ExamService/ExamServiceImpl.swift:50:13: warning: Implicit Return Violation: Prefer implicit returns in closures, functions and getters. (implicit_return)&#10;Linting &apos;NetworkResponse.swift&apos; (27/44)&#10;/Users/svenandabaka/Documents/Uni/Master/5. Semester/ArtemisExamChecker.nosync/Artemis Exam Check/Views/StudentListView.swift:22:38: warning: Closure Body Length Violation: Closure body should span 25 lines or less excluding comments and whitespace: currently spans 40 lines (closure_body_length)&#10;/Users/svenandabaka/Documents/Uni/Master/5. Semester/ArtemisExamChecker.nosync/Artemis Exam Check/Views/StudentListView.swift:23:50: warning: Closure Body Length Violation: Closure body should span 25 lines or less excluding comments and whitespace: currently spans 38 lines (closure_body_length)&#10;/Users/svenandabaka/Documents/Uni/Master/5. Semester/ArtemisExamChecker.nosync/Artemis Exam Check/Views/StudentListView.swift:24:24: warning: Closure Body Length Violation: Closure body should span 25 lines or less excluding comments and whitespace: currently spans 36 lines (closure_body_length)&#10;Linting &apos;DataState.swift&apos; (28/44)&#10;Linting &apos;DataStateView.swift&apos; (29/44)&#10;Linting &apos;UserFacingError.swift&apos; (30/44)&#10;/Users/svenandabaka/Documents/Uni/Master/5. Semester/ArtemisExamChecker.nosync/Artemis Exam Check/Model/ExamUser.swift:31:9: warning: Conditional Returns on Newline Violation: Conditional statements should always return on the next line (conditional_returns_on_newline)&#10;/Users/svenandabaka/Documents/Uni/Master/5. Semester/ArtemisExamChecker.nosync/Artemis Exam Check/Model/ExamUser.swift:43:5: error: Function Parameter Count Violation: Function should have 5 parameters or less: it currently has 7 (function_parameter_count)&#10;/Users/svenandabaka/Documents/Uni/Master/5. Semester/ArtemisExamChecker.nosync/Artemis Exam Check/Model/ExamUser.swift:50:9: warning: Implicit Return Violation: Prefer implicit returns in closures, functions and getters. (implicit_return)&#10;/Users/svenandabaka/Documents/Uni/Master/5. Semester/ArtemisExamChecker.nosync/Artemis Exam Check/Model/ExamUser.swift:85:9: warning: Implicit Return Violation: Prefer implicit returns in closures, functions and getters. (implicit_return)&#10;/Users/svenandabaka/Documents/Uni/Master/5. Semester/ArtemisExamChecker.nosync/Artemis Exam Check/Model/ExamUser.swift:35:29: warning: Todo Violation: TODOs should be resolved (change to let). (todo)&#10;/Users/svenandabaka/Documents/Uni/Master/5. Semester/ArtemisExamChecker.nosync/Artemis Exam Check/Model/ExamUser.swift:72:41: warning: Todo Violation: TODOs should be resolved (change to let). (todo)&#10;Linting &apos;LoadingIndicator.swift&apos; (31/44)&#10;/Users/svenandabaka/Documents/Uni/Master/5. Semester/ArtemisExamChecker.nosync/Artemis Exam Check/ViewModels/StudentListViewModel.swift:62:31: warning: Colon Spacing Violation: Colons should be next to the identifier when specifying a type and next to the key in dictionary literals. (colon)&#10;/Users/svenandabaka/Documents/Uni/Master/5. Semester/ArtemisExamChecker.nosync/Artemis Exam Check/ViewModels/StudentListViewModel.swift:84:9: warning: Conditional Returns on Newline Violation: Conditional statements should always return on the next line (conditional_returns_on_newline)&#10;/Users/svenandabaka/Documents/Uni/Master/5. Semester/ArtemisExamChecker.nosync/Artemis Exam Check/ViewModels/StudentListViewModel.swift:72:91: warning: Todo Violation: TODOs should be resolved (error handling). (todo)&#10;Linting &apos;Log.swift&apos; (32/44)&#10;/Users/svenandabaka/Documents/Uni/Master/5. Semester/ArtemisExamChecker.nosync/Packages/core/APIClient/Sources/APIClient/HTTPStatusCode.swift:15:1: warning: Superfluous Disable Command Violation: SwiftLint rule &apos;identifier_name&apos; did not trigger a violation in the disabled region. Please remove the disable command. (superfluous_disable_command)&#10;Linting &apos;Date+Formatting.swift&apos; (33/44)&#10;Linting &apos;UserStoreTests.swift&apos; (34/44)&#10;Linting &apos;Packages/core/UserStore/Package.swift&apos; (35/44)&#10;Linting &apos;UserStore.swift&apos; (36/44)&#10;Linting &apos;KeychainHelper.swift&apos; (37/44)&#10;Linting &apos;UserSession.swift&apos; (38/44)&#10;/Users/svenandabaka/Documents/Uni/Master/5. Semester/ArtemisExamChecker.nosync/Packages/core/Common/Sources/Common/DataState/UserFacingError.swift:20:9: warning: Implicit Return Violation: Prefer implicit returns in closures, functions and getters. (implicit_return)&#10;/Users/svenandabaka/Documents/Uni/Master/5. Semester/ArtemisExamChecker.nosync/Packages/core/Common/Sources/Common/DataState/UserFacingError.swift:12:28: warning: Redundant Optional Initialization Violation: Initializing an optional variable with nil is redundant. (redundant_optional_initialization)&#10;/Users/svenandabaka/Documents/Uni/Master/5. Semester/ArtemisExamChecker.nosync/Packages/core/Common/Sources/Common/DataState/UserFacingError.swift:13:31: warning: Redundant Optional Initialization Violation: Initializing an optional variable with nil is redundant. (redundant_optional_initialization)&#10;/Users/svenandabaka/Documents/Uni/Master/5. Semester/ArtemisExamChecker.nosync/Packages/core/Common/Sources/Common/DataState/UserFacingError.swift:14:32: warning: Redundant Optional Initialization Violation: Initializing an optional variable with nil is redundant. (redundant_optional_initialization)&#10;/Users/svenandabaka/Documents/Uni/Master/5. Semester/ArtemisExamChecker.nosync/Packages/core/Common/Sources/Common/DataState/UserFacingError.swift:15:29: warning: Redundant Optional Initialization Violation: Initializing an optional variable with nil is redundant. (redundant_optional_initialization)&#10;/Users/svenandabaka/Documents/Uni/Master/5. Semester/ArtemisExamChecker.nosync/Packages/core/Common/Sources/Common/DataState/UserFacingError.swift:16:29: warning: Redundant Optional Initialization Violation: Initializing an optional variable with nil is redundant. (redundant_optional_initialization)&#10;/Users/svenandabaka/Documents/Uni/Master/5. Semester/ArtemisExamChecker.nosync/Packages/core/Common/Sources/Common/DataState/UserFacingError.swift:17:26: warning: Redundant Optional Initialization Violation: Initializing an optional variable with nil is redundant. (redundant_optional_initialization)&#10;Linting &apos;LoginTests.swift&apos; (39/44)&#10;Linting &apos;Packages/feature/Login/Package.swift&apos; (40/44)&#10;Linting &apos;LoginViewModel.swift&apos; (41/44)&#10;Linting &apos;LoginView.swift&apos; (42/44)&#10;Linting &apos;LoginServiceImpl.swift&apos; (43/44)&#10;/Users/svenandabaka/Documents/Uni/Master/5. Semester/ArtemisExamChecker.nosync/Packages/core/APIClient/Sources/APIClient/APIRequest.swift:55:119: warning: Force Unwrapping Violation: Force unwrapping should be avoided. (force_unwrapping)&#10;Linting &apos;LoginService.swift&apos; (44/44)&#10;/Users/svenandabaka/Documents/Uni/Master/5. Semester/ArtemisExamChecker.nosync/Packages/feature/Login/Sources/Login/Services/LoginService/LoginService.swift:22:1: warning: Vertical Whitespace before Closing Braces Violation: Don&apos;t include vertical whitespace (empty line) before closing braces. (vertical_whitespace_closing_braces)&#10;/Users/svenandabaka/Documents/Uni/Master/5. Semester/ArtemisExamChecker.nosync/Artemis Exam Check/Views/StudentDetailView.swift:60:28: warning: Closure Body Length Violation: Closure body should span 25 lines or less excluding comments and whitespace: currently spans 86 lines (closure_body_length)&#10;/Users/svenandabaka/Documents/Uni/Master/5. Semester/ArtemisExamChecker.nosync/Artemis Exam Check/Views/StudentDetailView.swift:61:20: warning: Closure Body Length Violation: Closure body should span 25 lines or less excluding comments and whitespace: currently spans 37 lines (closure_body_length)&#10;/Users/svenandabaka/Documents/Uni/Master/5. Semester/ArtemisExamChecker.nosync/Artemis Exam Check/Views/StudentDetailView.swift:109:40: warning: Closure Body Length Violation: Closure body should span 25 lines or less excluding comments and whitespace: currently spans 27 lines (closure_body_length)&#10;/Users/svenandabaka/Documents/Uni/Master/5. Semester/ArtemisExamChecker.nosync/Artemis Exam Check/Views/StudentDetailView.swift:158:1: error: Line Length Violation: Line should be 150 characters or less: currently 178 characters (line_length)&#10;/Users/svenandabaka/Documents/Uni/Master/5. Semester/ArtemisExamChecker.nosync/Artemis Exam Check/Views/StudentDetailView.swift:145:37: warning: Multiline Arguments Violation: Arguments should be either on the same line, or one per line. (multiline_arguments)&#10;/Users/svenandabaka/Documents/Uni/Master/5. Semester/ArtemisExamChecker.nosync/Artemis Exam Check/Views/StudentDetailView.swift:145:77: warning: Multiline Arguments Violation: Arguments should be either on the same line, or one per line. (multiline_arguments)&#10;/Users/svenandabaka/Documents/Uni/Master/5. Semester/ArtemisExamChecker.nosync/Artemis Exam Check/Views/StudentDetailView.swift:27:39: warning: Redundant Optional Initialization Violation: Initializing an optional variable with nil is redundant. (redundant_optional_initialization)&#10;/Users/svenandabaka/Documents/Uni/Master/5. Semester/ArtemisExamChecker.nosync/Artemis Exam Check/Views/StudentDetailView.swift:163:29: warning: Redundant Optional Initialization Violation: Initializing an optional variable with nil is redundant. (redundant_optional_initialization)&#10;/Users/svenandabaka/Documents/Uni/Master/5. Semester/ArtemisExamChecker.nosync/Packages/feature/Login/Sources/Login/ViewModels/LoginViewModel.swift:8:43: warning: Redundant Optional Initialization Violation: Initializing an optional variable with nil is redundant. (redundant_optional_initialization)&#10;/Users/svenandabaka/Documents/Uni/Master/5. Semester/ArtemisExamChecker.nosync/Packages/core/Common/Sources/Common/Utils/Date+Formatting.swift:11:96: warning: Force Unwrapping Violation: Force unwrapping should be avoided. (force_unwrapping)&#10;/Users/svenandabaka/Documents/Uni/Master/5. Semester/ArtemisExamChecker.nosync/Packages/core/Common/Sources/Common/Utils/Date+Formatting.swift:24:9: warning: Implicit Return Violation: Prefer implicit returns in closures, functions and getters. (implicit_return)&#10;/Users/svenandabaka/Documents/Uni/Master/5. Semester/ArtemisExamChecker.nosync/Packages/core/Common/Sources/Common/Utils/Date+Formatting.swift:28:9: warning: Implicit Return Violation: Prefer implicit returns in closures, functions and getters. (implicit_return)&#10;/Users/svenandabaka/Documents/Uni/Master/5. Semester/ArtemisExamChecker.nosync/Packages/core/Common/Sources/Common/Utils/Date+Formatting.swift:32:9: warning: Implicit Return Violation: Prefer implicit returns in closures, functions and getters. (implicit_return)&#10;/Users/svenandabaka/Documents/Uni/Master/5. Semester/ArtemisExamChecker.nosync/Packages/core/Common/Sources/Common/Utils/Date+Formatting.swift:36:9: warning: Implicit Return Violation: Prefer implicit returns in closures, functions and getters. (implicit_return)&#10;/Users/svenandabaka/Documents/Uni/Master/5. Semester/ArtemisExamChecker.nosync/Packages/core/Common/Sources/Common/Utils/Date+Formatting.swift:40:9: warning: Implicit Return Violation: Prefer implicit returns in closures, functions and getters. (implicit_return)&#10;/Users/svenandabaka/Documents/Uni/Master/5. Semester/ArtemisExamChecker.nosync/Packages/core/Common/Sources/Common/Utils/Date+Formatting.swift:44:9: warning: Implicit Return Violation: Prefer implicit returns in closures, functions and getters. (implicit_return)&#10;/Users/svenandabaka/Documents/Uni/Master/5. Semester/ArtemisExamChecker.nosync/Packages/core/UserStore/Sources/UserStore/UserSession.swift:12:50: warning: Redundant Type Annotation Violation: Variables should not have redundant type annotation (redundant_type_annotation)&#10;/Users/svenandabaka/Documents/Uni/Master/5. Semester/ArtemisExamChecker.nosync/Packages/core/UserStore/Sources/UserStore/KeychainHelper.swift:69:13: warning: Literal Expression End Indentation Violation: Array and dictionary literal end should have the same indentation as the line that started it. Expected 8, got 12. (literal_expression_end_indentation)&#10;/Users/svenandabaka/Documents/Uni/Master/5. Semester/ArtemisExamChecker.nosync/Packages/feature/Login/Sources/Login/Services/LoginService/LoginServiceImpl.swift:25:13: warning: Implicit Return Violation: Prefer implicit returns in closures, functions and getters. (implicit_return)&#10;/Users/svenandabaka/Documents/Uni/Master/5. Semester/ArtemisExamChecker.nosync/Packages/feature/Login/Sources/Login/Services/LoginService/LoginServiceImpl.swift:29:13: warning: Implicit Return Violation: Prefer implicit returns in closures, functions and getters. (implicit_return)&#10;/Users/svenandabaka/Documents/Uni/Master/5. Semester/ArtemisExamChecker.nosync/Packages/feature/Login/Sources/Login/Services/LoginService/LoginServiceImpl.swift:47:1: warning: Vertical Whitespace before Closing Braces Violation: Don&apos;t include vertical whitespace (empty line) before closing braces. (vertical_whitespace_closing_braces)&#10;/Users/svenandabaka/Documents/Uni/Master/5. Semester/ArtemisExamChecker.nosync/Packages/core/APIClient/Sources/APIClient/APIClient.swift:56:70: error: Force Cast Violation: Force casts should be avoided. (force_cast)&#10;/Users/svenandabaka/Documents/Uni/Master/5. Semester/ArtemisExamChecker.nosync/Packages/core/APIClient/Sources/APIClient/APIClient.swift:121:70: error: Force Cast Violation: Force casts should be avoided. (force_cast)&#10;/Users/svenandabaka/Documents/Uni/Master/5. Semester/ArtemisExamChecker.nosync/Packages/core/APIClient/Sources/APIClient/APIClient.swift:147:9: warning: Implicit Return Violation: Prefer implicit returns in closures, functions and getters. (implicit_return)&#10;/Users/svenandabaka/Documents/Uni/Master/5. Semester/ArtemisExamChecker.nosync/Packages/core/APIClient/Sources/APIClient/APIClient.swift:5:14: warning: Modifier Order Violation: public modifier should be before final. (modifier_order)&#10;/Users/svenandabaka/Documents/Uni/Master/5. Semester/ArtemisExamChecker.nosync/Packages/core/APIClient/Sources/APIClient/APIClient.swift:149:12: warning: Todo Violation: TODOs should be resolved (implement retry mechanics). (todo)&#10;/Users/svenandabaka/Documents/Uni/Master/5. Semester/ArtemisExamChecker.nosync/Packages/core/APIClient/Sources/APIClient/APIClient.swift:67:1: warning: Vertical Whitespace before Closing Braces Violation: Don&apos;t include vertical whitespace (empty line) before closing braces. (vertical_whitespace_closing_braces)&#10;/Users/svenandabaka/Documents/Uni/Master/5. Semester/ArtemisExamChecker.nosync/Packages/core/APIClient/Sources/APIClient/APIClient.swift:132:1: warning: Vertical Whitespace before Closing Braces Violation: Don&apos;t include vertical whitespace (empty line) before closing braces. (vertical_whitespace_closing_braces)&#10;/Users/svenandabaka/Documents/Uni/Master/5. Semester/ArtemisExamChecker.nosync/Packages/feature/Login/Sources/Login/Views/LoginView.swift:16:16: warning: Closure Body Length Violation: Closure body should span 25 lines or less excluding comments and whitespace: currently spans 30 lines (closure_body_length)&#10;/Users/svenandabaka/Documents/Uni/Master/5. Semester/ArtemisExamChecker.nosync/Packages/feature/Login/Sources/Login/Views/LoginView.swift:11:34: warning: Redundant Type Annotation Violation: Variables should not have redundant type annotation (redundant_type_annotation)&#10;Done linting! Found 61 violations, 5 serious in 44 files.&#10;" />
        
      </testcase>
    
  </testsuite>
</testsuites>
